2026-01-30 13:38:52,683 | INFO | Inicio del proceso Ind_Op_Preventa_Escaneo
2026-01-30 13:38:52,684 | INFO | Parámetros | fecha_inicio=2025-12-01 | fecha_fin=2025-12-15 | Procesamiento=Manual
2026-01-30 13:38:52,685 | INFO | Extrayendo información
2026-01-30 13:39:05,477 | INFO | Aplicando transformación a data
2026-01-30 13:39:05,526 | INFO | Cargando información a RDA4-Comercial
2026-01-30 13:39:18,291 | INFO | Proceso finalizado correctamente
2026-01-30 13:39:41,924 | INFO | Inicio del proceso Ind_Op_Preventa_Escaneo
2026-01-30 13:39:41,926 | INFO | Parámetros | fecha_inicio=2025-12-16 | fecha_fin=2025-12-31 | Procesamiento=Manual
2026-01-30 13:39:41,928 | INFO | Extrayendo información
2026-01-30 13:39:41,931 | ERROR | Error durante la ejecución del proceso
Traceback (most recent call last):
  File "<ipython-input-2-d9f8d3c4a9cf>", line 50, in main
    df_ind_op = get_ind_op_segunda_quincena (anio=anio, mes_num=mes_num)
TypeError: get_ind_op_segunda_quincena() got an unexpected keyword argument 'anio'
2026-01-30 13:40:09,897 | INFO | Inicio del proceso Ind_Op_Preventa_Escaneo
2026-01-30 13:40:09,902 | INFO | Parámetros | fecha_inicio=2025-12-16 | fecha_fin=2025-12-31 | Procesamiento=Manual
2026-01-30 13:40:09,904 | INFO | Extrayendo información
2026-01-30 13:40:15,358 | INFO | Aplicando transformación a data
2026-01-30 13:40:15,405 | INFO | Cargando información a RDA4-Comercial
2026-01-30 13:40:24,367 | INFO | Proceso finalizado correctamente
2026-01-30 13:40:43,617 | INFO | Inicio del proceso Ind_Op_Preventa_Escaneo
2026-01-30 13:40:43,618 | INFO | Parámetros | fecha_inicio=2026-01-01 | fecha_fin=2026-01-15 | Procesamiento=Manual
2026-01-30 13:40:43,620 | INFO | Extrayendo información
2026-01-30 13:40:47,265 | INFO | Aplicando transformación a data
2026-01-30 13:40:47,310 | INFO | Cargando información a RDA4-Comercial
2026-01-30 13:40:55,998 | INFO | Proceso finalizado correctamente
2026-01-30 13:41:02,789 | INFO | Inicio del proceso Ind_Op_Preventa_Escaneo
2026-01-30 13:41:02,790 | INFO | Parámetros | fecha_inicio=2026-01-16 | fecha_fin=2026-01-29 | Procesamiento=Manual
2026-01-30 13:41:02,791 | INFO | Extrayendo información
2026-01-30 13:41:06,346 | INFO | Aplicando transformación a data
2026-01-30 13:41:06,391 | INFO | Cargando información a RDA4-Comercial
2026-01-30 13:41:14,458 | INFO | Proceso finalizado correctamente
