2026-01-27 09:40:25,483 | INFO | Inicio del proceso Ind_Op_Preventa_Escaneo
2026-01-27 09:40:32,175 | INFO | Parámetros | fecha_inicio=2026-01-16 | fecha_fin=2026-01-26 | Procesamiento=Automatico
2026-01-27 09:40:32,177 | INFO | Extrayendo información
2026-01-27 09:40:42,906 | INFO | Aplicando transformación a data
2026-01-27 09:40:42,966 | INFO | Cargando información a RDA4-Comercial
2026-01-27 09:40:50,215 | INFO | Proceso finalizado correctamente
2026-01-27 10:03:43,275 | INFO | Inicio del proceso Ind_Op_Preventa_Escaneo
2026-01-27 10:03:43,277 | INFO | Parámetros | fecha_inicio=2025-01-01 | fecha_fin=2025-01-15 | Procesamiento=Manual
2026-01-27 10:03:43,278 | INFO | Extrayendo información
2026-01-27 10:03:52,331 | INFO | Aplicando transformación a data
2026-01-27 10:03:52,387 | INFO | Cargando información a RDA4-Comercial
2026-01-27 10:03:52,601 | INFO | Proceso finalizado correctamente
2026-01-27 10:26:01,182 | INFO | Inicio del proceso Ind_Op_Preventa_Escaneo
2026-01-27 10:26:01,183 | INFO | Parámetros | fecha_inicio=2025-01-01 | fecha_fin=2025-01-15 | Procesamiento=Manual
2026-01-27 10:26:01,185 | INFO | Extrayendo información
2026-01-27 10:26:08,789 | INFO | Aplicando transformación a data
2026-01-27 10:26:08,832 | INFO | Cargando información a RDA4-Comercial
2026-01-27 10:26:08,996 | INFO | Proceso finalizado correctamente
2026-01-27 10:28:40,191 | INFO | Inicio del proceso Ind_Op_Preventa_Escaneo
2026-01-27 10:28:40,193 | INFO | Parámetros | fecha_inicio=2025-01-01 | fecha_fin=2025-01-15 | Procesamiento=Manual
2026-01-27 10:28:40,194 | INFO | Extrayendo información
2026-01-27 10:28:43,826 | INFO | Aplicando transformación a data
2026-01-27 10:28:43,871 | INFO | Cargando información a RDA4-Comercial
2026-01-27 10:28:44,049 | INFO | Proceso finalizado correctamente
2026-01-27 10:30:29,692 | INFO | Inicio del proceso Ind_Op_Preventa_Escaneo
2026-01-27 10:30:29,694 | INFO | Parámetros | fecha_inicio=2025-01-01 | fecha_fin=2025-01-15 | Procesamiento=Manual
2026-01-27 10:30:29,695 | INFO | Extrayendo información
2026-01-27 10:30:33,554 | INFO | Aplicando transformación a data
2026-01-27 10:30:33,600 | INFO | Cargando información a RDA4-Comercial
2026-01-27 10:30:33,773 | INFO | Proceso finalizado correctamente
2026-01-27 10:31:16,117 | INFO | Inicio del proceso Ind_Op_Preventa_Escaneo
2026-01-27 10:31:16,119 | INFO | Parámetros | fecha_inicio=2025-01-16 | fecha_fin=2025-01-31 | Procesamiento=Manual
2026-01-27 10:31:16,120 | INFO | Extrayendo información
2026-01-27 10:31:20,456 | INFO | Aplicando transformación a data
2026-01-27 10:31:20,512 | INFO | Cargando información a RDA4-Comercial
2026-01-27 10:31:26,316 | INFO | Proceso finalizado correctamente
2026-01-27 10:31:45,517 | INFO | Inicio del proceso Ind_Op_Preventa_Escaneo
2026-01-27 10:31:45,519 | INFO | Parámetros | fecha_inicio=2025-01-02 | fecha_fin=2025-01-14 | Procesamiento=Manual
2026-01-27 10:31:45,520 | INFO | Extrayendo información
2026-01-27 10:31:48,667 | INFO | Aplicando transformación a data
2026-01-27 10:31:48,716 | INFO | Cargando información a RDA4-Comercial
2026-01-27 10:31:48,874 | INFO | Proceso finalizado correctamente
2026-01-27 10:46:15,483 | INFO | Inicio del proceso Ind_Op_Preventa_Escaneo
2026-01-27 10:46:15,484 | INFO | Parámetros | fecha_inicio=2025-01-01 | fecha_fin=2025-01-15 | Procesamiento=Manual
2026-01-27 10:46:15,486 | INFO | Extrayendo información
2026-01-27 10:46:20,985 | INFO | Aplicando transformación a data
2026-01-27 10:46:21,026 | INFO | Cargando información a RDA4-Comercial
2026-01-27 10:46:28,674 | INFO | Proceso finalizado correctamente
